<?xml version="1.0" encoding="UTF-8"?>
<!-- Generated by org.testng.reporters.JUnitReportReporter -->
<testsuite skipped="0" hostname="laptop-PC" name="TestRunner.TC02_login" tests="1" failures="0" timestamp="07 May 2018 00:25:49 GMT" time="9.101" errors="0">
  <testcase name="feature" time="9.101" classname="TestRunner.TC02_login"/>
</testsuite> <!-- TestRunner.TC02_login -->
